This is pdfTeX, Version 3.14159265-2.6-1.40.18 (TeX Live 2017/Debian) (preloaded format=pdflatex 2018.5.9)  22 MAY 2018 02:17
entering extended mode
 restricted \write18 enabled.
 %&-line parsing enabled.
**elsa_nitochkin.tex
(./elsa_nitochkin.tex
LaTeX2e <2017-04-15>
Babel <3.18> and hyphenation patterns for 84 language(s) loaded.
(/usr/share/texlive/texmf-dist/tex/latex/elsarticle/elsarticle.cls
Document Class: elsarticle 2009/09/17, 1.2.0: Elsevier Ltd
\@bls=\dimen102
(/usr/share/texlive/texmf-dist/tex/latex/base/article.cls
Document Class: article 2014/09/29 v1.4h Standard LaTeX document class
(/usr/share/texlive/texmf-dist/tex/latex/base/size12.clo
File: size12.clo 2014/09/29 v1.4h Standard LaTeX file (size option)
)
\c@part=\count79
\c@section=\count80
\c@subsection=\count81
\c@subsubsection=\count82
\c@paragraph=\count83
\c@subparagraph=\count84
\c@figure=\count85
\c@table=\count86
\abovecaptionskip=\skip41
\belowcaptionskip=\skip42
\bibindent=\dimen103
)
(/usr/share/texlive/texmf-dist/tex/latex/graphics/graphicx.sty
Package: graphicx 2017/06/01 v1.1a Enhanced LaTeX Graphics (DPC,SPQR)

(/usr/share/texlive/texmf-dist/tex/latex/graphics/keyval.sty
Package: keyval 2014/10/28 v1.15 key=value parser (DPC)
\KV@toks@=\toks14
)
(/usr/share/texlive/texmf-dist/tex/latex/graphics/graphics.sty
Package: graphics 2017/06/25 v1.2c Standard LaTeX Graphics (DPC,SPQR)

(/usr/share/texlive/texmf-dist/tex/latex/graphics/trig.sty
Package: trig 2016/01/03 v1.10 sin cos tan (DPC)
)
(/usr/share/texlive/texmf-dist/tex/latex/graphics-cfg/graphics.cfg
File: graphics.cfg 2016/06/04 v1.11 sample graphics configuration
)
Package graphics Info: Driver file: pdftex.def on input line 99.

(/usr/share/texlive/texmf-dist/tex/latex/graphics-def/pdftex.def
File: pdftex.def 2018/01/08 v1.0l Graphics/color driver for pdftex
))
\Gin@req@height=\dimen104
\Gin@req@width=\dimen105
)
(/usr/share/texlive/texmf-dist/tex/latex/psnfss/pifont.sty
Package: pifont 2005/04/12 PSNFSS-v9.2a Pi font support (SPQR) 
LaTeX Font Info:    Try loading font information for U+pzd on input line 63.

(/usr/share/texlive/texmf-dist/tex/latex/psnfss/upzd.fd
File: upzd.fd 2001/06/04 font definitions for U/pzd.
)
LaTeX Font Info:    Try loading font information for U+psy on input line 64.

(/usr/share/texlive/texmf-dist/tex/latex/psnfss/upsy.fd
File: upsy.fd 2001/06/04 font definitions for U/psy.
))
\c@tnote=\count87
\c@fnote=\count88
\c@cnote=\count89
\c@ead=\count90
\c@author=\count91
\@eadauthor=\toks15
\c@affn=\count92
\absbox=\box26
\keybox=\box27
\Columnwidth=\dimen106
\space@left=\dimen107
\els@boxa=\box28
\els@boxb=\box29
\leftMargin=\dimen108
\@enLab=\toks16
\@sep=\skip43
\@@sep=\skip44
 (./elsa_nitochkin.spl) (/usr/share/texlive/texmf-dist/tex/latex/natbib/natbib.
sty
Package: natbib 2010/09/13 8.31b (PWD, AO)
\bibhang=\skip45
\bibsep=\skip46
LaTeX Info: Redefining \cite on input line 694.
\c@NAT@ctr=\count93
)
\splwrite=\write3
\openout3 = `elsa_nitochkin.spl'.


(/usr/share/texlive/texmf-dist/tex/latex/geometry/geometry.sty
Package: geometry 2010/09/12 v5.6 Page Geometry

(/usr/share/texlive/texmf-dist/tex/generic/oberdiek/ifpdf.sty
Package: ifpdf 2017/03/15 v3.2 Provides the ifpdf switch
)
(/usr/share/texlive/texmf-dist/tex/generic/oberdiek/ifvtex.sty
Package: ifvtex 2016/05/16 v1.6 Detect VTeX and its facilities (HO)
Package ifvtex Info: VTeX not detected.
)
(/usr/share/texlive/texmf-dist/tex/generic/ifxetex/ifxetex.sty
Package: ifxetex 2010/09/12 v0.6 Provides ifxetex conditional
)
\Gm@cnth=\count94
\Gm@cntv=\count95
\c@Gm@tempcnt=\count96
\Gm@bindingoffset=\dimen109
\Gm@wd@mp=\dimen110
\Gm@odd@mp=\dimen111
\Gm@even@mp=\dimen112
\Gm@layoutwidth=\dimen113
\Gm@layoutheight=\dimen114
\Gm@layouthoffset=\dimen115
\Gm@layoutvoffset=\dimen116
\Gm@dimlist=\toks17
))
(/usr/share/texlive/texmf-dist/tex/latex/amsmath/amsmath.sty
Package: amsmath 2017/09/02 v2.17a AMS math features
\@mathmargin=\skip47

For additional information on amsmath, use the `?' option.
(/usr/share/texlive/texmf-dist/tex/latex/amsmath/amstext.sty
Package: amstext 2000/06/29 v2.01 AMS text

(/usr/share/texlive/texmf-dist/tex/latex/amsmath/amsgen.sty
File: amsgen.sty 1999/11/30 v2.0 generic functions
\@emptytoks=\toks18
\ex@=\dimen117
))
(/usr/share/texlive/texmf-dist/tex/latex/amsmath/amsbsy.sty
Package: amsbsy 1999/11/29 v1.2d Bold Symbols
\pmbraise@=\dimen118
)
(/usr/share/texlive/texmf-dist/tex/latex/amsmath/amsopn.sty
Package: amsopn 2016/03/08 v2.02 operator names
)
\inf@bad=\count97
LaTeX Info: Redefining \frac on input line 213.
\uproot@=\count98
\leftroot@=\count99
LaTeX Info: Redefining \overline on input line 375.
\classnum@=\count100
\DOTSCASE@=\count101
LaTeX Info: Redefining \ldots on input line 472.
LaTeX Info: Redefining \dots on input line 475.
LaTeX Info: Redefining \cdots on input line 596.
\Mathstrutbox@=\box30
\strutbox@=\box31
\big@size=\dimen119
LaTeX Font Info:    Redeclaring font encoding OML on input line 712.
LaTeX Font Info:    Redeclaring font encoding OMS on input line 713.
\macc@depth=\count102
\c@MaxMatrixCols=\count103
\dotsspace@=\muskip10
\c@parentequation=\count104
\dspbrk@lvl=\count105
\tag@help=\toks19
\row@=\count106
\column@=\count107
\maxfields@=\count108
\andhelp@=\toks20
\eqnshift@=\dimen120
\alignsep@=\dimen121
\tagshift@=\dimen122
\tagwidth@=\dimen123
\totwidth@=\dimen124
\lineht@=\dimen125
\@envbody=\toks21
\multlinegap=\skip48
\multlinetaggap=\skip49
\mathdisplay@stack=\toks22
LaTeX Info: Redefining \[ on input line 2817.
LaTeX Info: Redefining \] on input line 2818.
)
(/usr/share/texlive/texmf-dist/tex/latex/amsfonts/amssymb.sty
Package: amssymb 2013/01/14 v3.01 AMS font symbols

(/usr/share/texlive/texmf-dist/tex/latex/amsfonts/amsfonts.sty
Package: amsfonts 2013/01/14 v3.01 Basic AMSFonts support
\symAMSa=\mathgroup4
\symAMSb=\mathgroup5
LaTeX Font Info:    Overwriting math alphabet `\mathfrak' in version `bold'
(Font)                  U/euf/m/n --> U/euf/b/n on input line 106.
))
(/usr/share/texlive/texmf-dist/tex/latex/tools/array.sty
Package: array 2016/10/06 v2.4d Tabular extension package (FMi)
\col@sep=\dimen126
\extrarowheight=\dimen127
\NC@list=\toks23
\extratabsurround=\skip50
\backup@length=\skip51
)
(/usr/share/texlive/texmf-dist/tex/latex/url/url.sty
\Urlmuskip=\muskip11
Package: url 2013/09/16  ver 3.4  Verb mode for urls, etc.
) (./elsa_nitochkin.aux)
\openout1 = `elsa_nitochkin.aux'.

LaTeX Font Info:    Checking defaults for OML/cmm/m/it on input line 36.
LaTeX Font Info:    ... okay on input line 36.
LaTeX Font Info:    Checking defaults for T1/cmr/m/n on input line 36.
LaTeX Font Info:    ... okay on input line 36.
LaTeX Font Info:    Checking defaults for OT1/cmr/m/n on input line 36.
LaTeX Font Info:    ... okay on input line 36.
LaTeX Font Info:    Checking defaults for OMS/cmsy/m/n on input line 36.
LaTeX Font Info:    ... okay on input line 36.
LaTeX Font Info:    Checking defaults for OMX/cmex/m/n on input line 36.
LaTeX Font Info:    ... okay on input line 36.
LaTeX Font Info:    Checking defaults for U/cmr/m/n on input line 36.
LaTeX Font Info:    ... okay on input line 36.

(/usr/share/texlive/texmf-dist/tex/context/base/mkii/supp-pdf.mkii
[Loading MPS to PDF converter (version 2006.09.02).]
\scratchcounter=\count109
\scratchdimen=\dimen128
\scratchbox=\box32
\nofMPsegments=\count110
\nofMParguments=\count111
\everyMPshowfont=\toks24
\MPscratchCnt=\count112
\MPscratchDim=\dimen129
\MPnumerator=\count113
\makeMPintoPDFobject=\count114
\everyMPtoPDFconversion=\toks25
) (/usr/share/texlive/texmf-dist/tex/latex/oberdiek/epstopdf-base.sty
Package: epstopdf-base 2016/05/15 v2.6 Base part for package epstopdf

(/usr/share/texlive/texmf-dist/tex/generic/oberdiek/infwarerr.sty
Package: infwarerr 2016/05/16 v1.4 Providing info/warning/error messages (HO)
)
(/usr/share/texlive/texmf-dist/tex/latex/oberdiek/grfext.sty
Package: grfext 2016/05/16 v1.2 Manage graphics extensions (HO)

(/usr/share/texlive/texmf-dist/tex/generic/oberdiek/kvdefinekeys.sty
Package: kvdefinekeys 2016/05/16 v1.4 Define keys (HO)

(/usr/share/texlive/texmf-dist/tex/generic/oberdiek/ltxcmds.sty
Package: ltxcmds 2016/05/16 v1.23 LaTeX kernel commands for general use (HO)
)))
(/usr/share/texlive/texmf-dist/tex/latex/oberdiek/kvoptions.sty
Package: kvoptions 2016/05/16 v3.12 Key value format for package options (HO)

(/usr/share/texlive/texmf-dist/tex/generic/oberdiek/kvsetkeys.sty
Package: kvsetkeys 2016/05/16 v1.17 Key value parser (HO)

(/usr/share/texlive/texmf-dist/tex/generic/oberdiek/etexcmds.sty
Package: etexcmds 2016/05/16 v1.6 Avoid name clashes with e-TeX commands (HO)

(/usr/share/texlive/texmf-dist/tex/generic/oberdiek/ifluatex.sty
Package: ifluatex 2016/05/16 v1.4 Provides the ifluatex switch (HO)
Package ifluatex Info: LuaTeX not detected.
)
Package etexcmds Info: Could not find \expanded.
(etexcmds)             That can mean that you are not using pdfTeX 1.50 or
(etexcmds)             that some package has redefined \expanded.
(etexcmds)             In the latter case, load this package earlier.
)))
(/usr/share/texlive/texmf-dist/tex/generic/oberdiek/pdftexcmds.sty
Package: pdftexcmds 2018/01/21 v0.26 Utility functions of pdfTeX for LuaTeX (HO
)
Package pdftexcmds Info: LuaTeX not detected.
Package pdftexcmds Info: \pdf@primitive is available.
Package pdftexcmds Info: \pdf@ifprimitive is available.
Package pdftexcmds Info: \pdfdraftmode found.
)
Package epstopdf-base Info: Redefining graphics rule for `.eps' on input line 4
38.
Package grfext Info: Graphics extension search list:
(grfext)             [.pdf,.png,.jpg,.mps,.jpeg,.jbig2,.jb2,.PDF,.PNG,.JPG,.JPE
G,.JBIG2,.JB2,.eps]
(grfext)             \AppendGraphicsExtensions on input line 456.

(/usr/share/texlive/texmf-dist/tex/latex/latexconfig/epstopdf-sys.cfg
File: epstopdf-sys.cfg 2010/07/13 v1.3 Configuration of (r)epstopdf for TeX Liv
e
))
*geometry* driver: auto-detecting
*geometry* detected driver: pdftex
*geometry* verbose mode - [ preamble ] result:
* driver: pdftex
* paper: custom
* layout: <same size as paper>
* layoutoffset:(h,v)=(0.0pt,0.0pt)
* hratio: 1:1
* vratio: 1:1
* modes: 
* h-part:(L,W,R)=(106.75394pt, 384.0pt, 106.75394pt)
* v-part:(T,H,B)=(141.52342pt, 562.0pt, 141.52342pt)
* \paperwidth=597.50787pt
* \paperheight=845.04684pt
* \textwidth=384.0pt
* \textheight=562.0pt
* \oddsidemargin=34.48395pt
* \evensidemargin=34.48395pt
* \topmargin=7.25343pt
* \headheight=50.0pt
* \headsep=12.0pt
* \topskip=12.0pt
* \footskip=12.0pt
* \marginparwidth=44.0pt
* \marginparsep=10.0pt
* \columnsep=10.0pt
* \skip\footins=24.0pt plus 2.0pt minus 12.0pt
* \hoffset=0.0pt
* \voffset=0.0pt
* \mag=1000
* \@twocolumnfalse
* \@twosidefalse
* \@mparswitchfalse
* \@reversemarginfalse
* (1in=72.27pt=25.4mm, 1cm=28.453pt)

Missing character: There is no ≈ in font cmr12!
Missing character: There is no Ç in font cmr12!
Missing character: There is no ƒ in font cmr12!
Missing character: There is no á in font cmr12!
LaTeX Font Info:    Try loading font information for U+msa on input line 118.
(/usr/share/texlive/texmf-dist/tex/latex/amsfonts/umsa.fd
File: umsa.fd 2013/01/14 v3.01 AMS symbols A
)
LaTeX Font Info:    Try loading font information for U+msb on input line 118.

(/usr/share/texlive/texmf-dist/tex/latex/amsfonts/umsb.fd
File: umsb.fd 2013/01/14 v3.01 AMS symbols B
) [1

{/var/lib/texmf/fonts/map/pdftex/updmap/pdftex.map}]
Overfull \hbox (2.64055pt too wide) in paragraph at lines 133--134
\OT1/cmr/m/n/12 (ANSI/NISO Z39.86-2005 R2012 Spec-i-fi-ca-tions for the Dig-i-t
al Talk-ing Book)
 []

[2] [3]
LaTeX Font Info:    Try loading font information for OMS+cmr on input line 150.

 (/usr/share/texlive/texmf-dist/tex/latex/base/omscmr.fd
File: omscmr.fd 2014/09/29 v2.5h Standard LaTeX font definitions
)
LaTeX Font Info:    Font shape `OMS/cmr/m/n' in size <12> not available
(Font)              Font shape `OMS/cmsy/m/n' tried instead on input line 150.
Missing character: There is no ‚ in font cmr12!
Missing character: There is no Ä in font cmr12!
Missing character: There is no ì in font cmr12!
 [4]
<./pics/1.png, id=21, 250.6455pt x 185.6025pt>
File: ./pics/1.png Graphic file (type png)
<use ./pics/1.png>
Package pdftex.def Info: ./pics/1.png  used on input line 171.
(pdftex.def)             Requested size: 361.34999pt x 267.59872pt.
 [5]
<./pics/2.jpg, id=26, 371.58292pt x 255.18346pt>
File: ./pics/2.jpg Graphic file (type jpg)
<use ./pics/2.jpg>
Package pdftex.def Info: ./pics/2.jpg  used on input line 182.
(pdftex.def)             Requested size: 361.34999pt x 248.16623pt.
<./pics/3.jpg, id=27, 371.58292pt x 255.18346pt>
File: ./pics/3.jpg Graphic file (type jpg)
<use ./pics/3.jpg>
Package pdftex.def Info: ./pics/3.jpg  used on input line 191.
(pdftex.def)             Requested size: 361.34999pt x 248.16623pt.
Missing character: There is no ‚ in font cmr12!
Missing character: There is no Ä in font cmr12!
Missing character: There is no ú in font cmr12!
Missing character: There is no √ in font cmr12!
Missing character: There is no ó in font cmr12!
Missing character: There is no √ in font cmr12!
Missing character: There is no ó in font cmr12!
Missing character: There is no √ in font cmr12!
Missing character: There is no ó in font cmr12!
Missing character: There is no ‚ in font cmr12!
Missing character: There is no Ä in font cmr12!
Missing character: There is no ù in font cmr12!

[6 <./pics/1.png>]
Missing character: There is no ‚ in font cmr12!
Missing character: There is no Ä in font cmr12!
Missing character: There is no ú in font cmr12!
Missing character: There is no √ in font cmr12!
Missing character: There is no ó in font cmr12!
Missing character: There is no √ in font cmr12!
Missing character: There is no ó in font cmr12!
Missing character: There is no √ in font cmr12!
Missing character: There is no ó in font cmr12!
Missing character: There is no ‚ in font cmr12!
Missing character: There is no Ä in font cmr12!
Missing character: There is no ù in font cmr12!
Missing character: There is no – in font cmr12!
Missing character: There is no £ in font cmr12!
 [7 <./pics/2.jpg>]
Overfull \hbox (1.07573pt too wide) in paragraph at lines 222--222
[]\OT1/cmr/m/it/12 Implementation of the e-learning plat-forms for re-mote in-t
er-ac-tive math-
 []

[8 <./pics/3.jpg>]
<./pics/4.jpg, id=43, 370.3038pt x 257.10213pt>
File: ./pics/4.jpg Graphic file (type jpg)
<use ./pics/4.jpg>
Package pdftex.def Info: ./pics/4.jpg  used on input line 231.
(pdftex.def)             Requested size: 361.34999pt x 250.89912pt.
 [9 <./pics/4.jpg>]
Missing character: There is no ‚ in font cmr12!
Missing character: There is no Ä in font cmr12!
Missing character: There is no ì in font cmr12!
<./pics/5.jpg, id=47, 326.81389pt x 142.62132pt>
File: ./pics/5.jpg Graphic file (type jpg)
<use ./pics/5.jpg>
Package pdftex.def Info: ./pics/5.jpg  used on input line 252.
(pdftex.def)             Requested size: 361.34999pt x 157.6913pt.
 [10 <./pics/5.jpg>]
Missing character: There is no ‚ in font cmr12!
Missing character: There is no à in font cmr12!
Missing character: There is no í in font cmr12!
LaTeX Font Info:    Try loading font information for OML+cmr on input line 267.


(/usr/share/texlive/texmf-dist/tex/latex/base/omlcmr.fd
File: omlcmr.fd 2014/09/29 v2.5h Standard LaTeX font definitions
)
LaTeX Font Info:    Font shape `OML/cmr/m/n' in size <12> not available
(Font)              Font shape `OML/cmm/m/it' tried instead on input line 267.
 [11]
<./pics/6.jpg, id=54, 326.81389pt x 143.26088pt>
File: ./pics/6.jpg Graphic file (type jpg)
<use ./pics/6.jpg>
Package pdftex.def Info: ./pics/6.jpg  used on input line 273.
(pdftex.def)             Requested size: 361.34999pt x 158.39845pt.
 [12 <./pics/6.jpg>]

LaTeX Warning: No positions in optional float specifier.
               Default added (so using `tbp') on input line 307.

Missing character: There is no ‚ in font cmr12!
Missing character: There is no Ä in font cmr12!
Missing character: There is no ì in font cmr12!
Missing character: There is no ‚ in font cmr12!
Missing character: There is no Ä in font cmr12!
Missing character: There is no ì in font cmr12!
Missing character: There is no √ in font cmr12!
Missing character: There is no ó in font cmr12!
Missing character: There is no ‚ in font cmr12!
Missing character: There is no à in font cmr12!
Missing character: There is no í in font cmr12!
Missing character: There is no √ in font cmr12!
Missing character: There is no ó in font cmr12!
Missing character: There is no ‚ in font cmr12!
Missing character: There is no à in font cmr12!
Missing character: There is no í in font cmr12!
Missing character: There is no √ in font cmr12!
Missing character: There is no ó in font cmr12!
Missing character: There is no ‚ in font cmr12!
Missing character: There is no à in font cmr12!
Missing character: There is no í in font cmr12!
Missing character: There is no √ in font cmr12!
Missing character: There is no ó in font cmr12!
Missing character: There is no ‚ in font cmr12!
Missing character: There is no à in font cmr12!
Missing character: There is no í in font cmr12!
[13]
<./pics/7.jpg, id=63, 326.81389pt x 143.26088pt>
File: ./pics/7.jpg Graphic file (type jpg)
<use ./pics/7.jpg>
Package pdftex.def Info: ./pics/7.jpg  used on input line 330.
(pdftex.def)             Requested size: 361.34999pt x 158.39845pt.
<./pics/8.jpg, id=64, 426.58487pt x 215.53088pt>
File: ./pics/8.jpg Graphic file (type jpg)
<use ./pics/8.jpg>
Package pdftex.def Info: ./pics/8.jpg  used on input line 337.
(pdftex.def)             Requested size: 361.34999pt x 182.57724pt.
<./pics/9.png, id=65, 610.28pt x 321.2pt>
File: ./pics/9.png Graphic file (type png)
<use ./pics/9.png>
Package pdftex.def Info: ./pics/9.png  used on input line 344.
(pdftex.def)             Requested size: 361.34999pt x 190.1925pt.
 [14] [15 <./pics/7.jpg>] [16 <./pics/8.jpg>] [17 <./pics/9.png>]
Overfull \hbox (11.57506pt too wide) in paragraph at lines 378--379
[]\OT1/cmr/m/n/12 Advanced for-mu-lae like com-plex for-mu-lae con-tain-ing ad-
di-tion-ally deriva-
 []

(./elsa_nitochkin.bbl [18]
Missing character: There is no ‚ in font cmr10!
Missing character: There is no Ä in font cmr10!
Missing character: There is no ì in font cmr10!
Missing character: There is no ‚ in font cmr10!
Missing character: There is no Ä in font cmr10!
Missing character: There is no ú in font cmr10!

Underfull \hbox (badness 10000) in paragraph at lines 26--31
\OT1/cmr/m/n/10 URL $\OT1/cmtt/m/n/10 http : / / imasters\OML/cmm/m/it/10 :\OT1
/cmtt/m/n/10 expert / minimatecavox -[] helps -[] visually -[] impaired -[]
 []


Underfull \hbox (badness 10000) in paragraph at lines 62--64
[]\OT1/cmr/m/n/10 K. Nama-hoe, Un-veils new math re-sources for com-mon core, K
han
 []


Underfull \hbox (badness 10000) in paragraph at lines 62--64
\OT1/cmr/m/n/10 AcademyHttps://thejournal.com/articles/2014/03/24/khan-academy-
unveils-
 []

Missing character: There is no ≈ in font cmr10!
Missing character: There is no Å in font cmr10!
Missing character: There is no ≈ in font cmr10!
Missing character: There is no ª in font cmr10!
Missing character: There is no ƒ in font cmr10!
Missing character: There is no á in font cmr10!
[19]
Missing character: There is no ‚ in font cmr10!
Missing character: There is no Ä in font cmr10!
Missing character: There is no ì in font cmr10!
) [20] (./elsa_nitochkin.aux) ) 
Here is how much of TeX's memory you used:
 3706 strings out of 492982
 48672 string characters out of 6134897
 121847 words of memory out of 5000000
 7182 multiletter control sequences out of 15000+600000
 12141 words of font info for 47 fonts, out of 8000000 for 9000
 1141 hyphenation exceptions out of 8191
 41i,15n,30p,1313b,355s stack positions out of 5000i,500n,10000p,200000b,80000s
</usr/share/texlive/texmf-dist/fonts/type1/publi
c/amsfonts/cm/cmbx12.pfb></usr/share/texlive/texmf-dist/fonts/type1/public/amsf
onts/cm/cmex10.pfb></usr/share/texlive/texmf-dist/fonts/type1/public/amsfonts/c
m/cmmi10.pfb></usr/share/texlive/texmf-dist/fonts/type1/public/amsfonts/cm/cmmi
12.pfb></usr/share/texlive/texmf-dist/fonts/type1/public/amsfonts/cm/cmmi8.pfb>
</usr/share/texlive/texmf-dist/fonts/type1/public/amsfonts/cm/cmr10.pfb></usr/s
hare/texlive/texmf-dist/fonts/type1/public/amsfonts/cm/cmr12.pfb></usr/share/te
xlive/texmf-dist/fonts/type1/public/amsfonts/cm/cmr17.pfb></usr/share/texlive/t
exmf-dist/fonts/type1/public/amsfonts/cm/cmr8.pfb></usr/share/texlive/texmf-dis
t/fonts/type1/public/amsfonts/cm/cmsy10.pfb></usr/share/texlive/texmf-dist/font
s/type1/public/amsfonts/cm/cmti10.pfb></usr/share/texlive/texmf-dist/fonts/type
1/public/amsfonts/cm/cmti12.pfb></usr/share/texlive/texmf-dist/fonts/type1/publ
ic/amsfonts/cm/cmtt10.pfb>
Output written on elsa_nitochkin.pdf (20 pages, 650267 bytes).
PDF statistics:
 133 PDF objects out of 1000 (max. 8388607)
 86 compressed objects within 1 object stream
 0 named destinations out of 1000 (max. 500000)
 46 words of extra memory for PDF output out of 10000 (max. 10000000)

